[ 2025-03-11 14:38:06,031 ] 11 root - INFO - training has started
[ 2025-03-11 14:38:06,032 ] 42 root - INFO - Starting data ingestion
[ 2025-03-11 14:38:19,750 ] 65 root - INFO - Performed train test split on the dataframe
[ 2025-03-11 14:38:19,750 ] 67 root - INFO - Exited split_data_as_train_test method of Data_Ingestion class
[ 2025-03-11 14:38:19,751 ] 75 root - INFO - Exporting train and test file path.
[ 2025-03-11 14:38:19,928 ] 84 root - INFO - Exported train and test file path.
[ 2025-03-11 14:38:19,930 ] 45 root - INFO - Data ingestion completed and artifact:DataIngestionArtifact(trained_file_path='Artifacts\\03_11_2025_14_38_02\\data_ingestion\\ingested\\train.csv', test_file_path='Artifacts\\03_11_2025_14_38_02\\data_ingestion\\ingested\\test.csv')
[ 2025-03-11 14:38:20,113 ] 26 root - INFO - Required number of columns: 31
[ 2025-03-11 14:38:20,114 ] 27 root - INFO - Data frame has columns: 31
[ 2025-03-11 14:38:20,114 ] 26 root - INFO - Required number of columns: 31
[ 2025-03-11 14:38:20,114 ] 27 root - INFO - Data frame has columns: 31
[ 2025-03-11 14:38:20,557 ] 135 root - INFO - Data validation artifact: DataValidationArtifact(validation_status=False, valid_train_file_path='Artifacts\\03_11_2025_14_38_02\\data_ingestion\\ingested\\train.csv', valid_test_file_path='Artifacts\\03_11_2025_14_38_02\\data_ingestion\\ingested\\test.csv', invalid_train_file_path=None, invalid_test_file_path=None, drift_report_file_path='Artifacts\\03_11_2025_14_38_02\\data_validation\\drift_report\\report.yaml')
[ 2025-03-11 14:38:20,562 ] 85 root - INFO - Entered initiate_data_transformation method of DataTransformation class
[ 2025-03-11 14:38:20,562 ] 88 root - INFO - Starting data transformation
[ 2025-03-11 14:38:20,623 ] 58 root - INFO - Entered get_data_transformer_object method of DataTransformation class
[ 2025-03-11 14:38:20,623 ] 67 root - INFO - Initialise KNNImputer with {'missing_values': nan, 'n_neighbors': 3, 'weights': 'uniform'}
[ 2025-03-11 14:38:20,623 ] 73 root - INFO - Exited get_data_transformer_object method of DataTransformation class
[ 2025-03-11 14:38:20,623 ] 96 root - INFO - Got the preprocessor object
[ 2025-03-11 14:38:20,666 ] 60 root - INFO - Entered the save_object method of MainUtils class
[ 2025-03-11 14:38:20,712 ] 64 root - INFO - Exited the save_object method of MainUtils class
[ 2025-03-11 14:38:20,712 ] 128 root - INFO - Data transformation artifact: DataTransformationArtifact(transformed_object_file_path='Artifacts\\03_11_2025_14_38_02\\data_transformation\\transformed_object\\preprocessing.pkl', transformed_train_file_path='Artifacts\\03_11_2025_14_38_02\\data_transformation\\transformed\\train.npy', transformed_test_file_path='Artifacts\\03_11_2025_14_38_02\\data_transformation\\transformed\\test.npy')
